<?xml version="1.0" encoding="UTF-8"?>
<!-- Generated by org.testng.reporters.JUnitReportReporter -->
<testsuite hostname="Simrans-Air" failures="0" tests="2" name="Example_TNG.TesNG_Program1" time="0.017" errors="0" timestamp="2023-04-23T21:25:11 EDT" skipped="0">
  <testcase classname="Example_TNG.TesNG_Program1" name="test_2" time="0.004"/>
  <system-out/>
  <testcase classname="Example_TNG.TesNG_Program1" name="test_1" time="0.013"/>
  <system-out/>
</testsuite> <!-- Example_TNG.TesNG_Program1 -->
