<?xml version="1.0" encoding="UTF-8"?>
<!-- Generated by org.testng.reporters.JUnitReportReporter -->
<testsuite hostname="Simrans-Air" failures="0" tests="1" name="Rough_Work.Rough_Work" time="6.982" errors="0" timestamp="2023-05-25T14:21:44 EDT" skipped="0">
  <testcase classname="Rough_Work.Rough_Work" name="FbLogin" time="6.982"/>
  <system-out/>
</testsuite> <!-- Rough_Work.Rough_Work -->
