<?xml version="1.0" encoding="UTF-8"?>
<!-- Generated by org.testng.reporters.JUnitReportReporter -->
<testsuite hostname="Simrans-Air" failures="0" tests="1" name="Para_TN_Register.Para_TN_Register" time="14.416" errors="0" timestamp="2023-05-01T11:33:38 EDT" skipped="0">
  <testcase classname="Para_TN_Register.Para_TN_Register" name="rediffLoginTest" time="14.416"/>
  <system-out/>
</testsuite> <!-- Para_TN_Register.Para_TN_Register -->
