<?xml version="1.0" encoding="UTF-8"?>
<!-- Generated by org.testng.reporters.JUnitReportReporter -->
<testsuite hostname="Simrans-Air" failures="0" tests="7" name="Example_TNG.DataProvider_example" time="65.057" errors="0" timestamp="2023-04-25T10:52:05 EDT" skipped="0">
  <testcase classname="Example_TNG.DataProvider_example" name="enterTNLoginDetails" time="7.114"/>
  <system-out/>
  <testcase classname="Example_TNG.DataProvider_example" name="enterTNLoginDetails" time="7.065"/>
  <system-out/>
  <testcase classname="Example_TNG.DataProvider_example" name="enterTNLoginDetails" time="7.258"/>
  <system-out/>
  <testcase classname="Example_TNG.DataProvider_example" name="enterTNLoginDetails" time="10.117"/>
  <system-out/>
  <testcase classname="Example_TNG.DataProvider_example" name="enterTNLoginDetails" time="7.670"/>
  <system-out/>
  <testcase classname="Example_TNG.DataProvider_example" name="enterRediffLogicDetails" time="12.424"/>
  <system-out/>
  <testcase classname="Example_TNG.DataProvider_example" name="enterRediffLogicDetails" time="13.409"/>
  <system-out/>
</testsuite> <!-- Example_TNG.DataProvider_example -->
